[debug] ----------------------------------------------------------------------
[debug] Command:      node C:\Users\psakgitjarung.SGADVISORS\AppData\Roaming\npm\node_modules\firebase-tools\bin\firebase deploy
[debug] CLI Version:  3.2.1
[debug] Platform:     win32
[debug] Node Version: v0.12.2
[debug] Time:         Tue Jan 24 2017 17:09:59 GMT+0700 (SE Asia Standard Time)
[debug] ----------------------------------------------------------------------
[debug] 
[debug] > command requires scopes: ["email","openid","https://www.googleapis.com/auth/cloudplatformprojects.readonly","https://www.googleapis.com/auth/firebase"]
[debug] >>> HTTP REQUEST GET https://admin.firebase.com/v1/projects/friendlychat-7162a 
[debug] <<< HTTP RESPONSE 200
[debug] >>> HTTP REQUEST GET https://admin.firebase.com/v1/database/friendlychat-7162a/tokens 
[debug] <<< HTTP RESPONSE 200
[info] 
[info] === Deploying to 'friendlychat-7162a'...
[info] 
[info] i  deploying database, hosting
[info] +  database: rules ready to deploy.
[info] i  hosting: preparing public directory for upload...
[debug] >>> HTTP REQUEST PUT https://deploy.firebase.com/v1/hosting/friendlychat-7162a/uploads/-KbEx2HvFbBh_20HHYET?fileCount=18&message= 
